<?xml version="1.0" encoding="UTF-8"?>
<testng-results skipped="0" failed="0" total="2" passed="2">
  <reporter-output>
  </reporter-output>
  <suite name="VisorTestSuite" duration-ms="30237" started-at="2019-09-26T05:25:20Z" finished-at="2019-09-26T05:25:50Z">
    <groups>
    </groups>
    <test name="CategoriaWebDriverTest" duration-ms="30237" started-at="2019-09-26T05:25:20Z" finished-at="2019-09-26T05:25:50Z">
      <class name="pe.com.test.seleniumwd.CategoriaWebDriverTest">
        <test-method status="PASS" signature="inicioClase(java.lang.String, int)[pri:0, instance:pe.com.test.seleniumwd.CategoriaWebDriverTest@d80b78]" name="inicioClase" is-config="true" duration-ms="5722" started-at="2019-09-26T00:25:20Z" finished-at="2019-09-26T00:25:26Z">
          <params>
            <param index="0">
              <value>
                <![CDATA[firefox]]>
              </value>
            </param>
            <param index="1">
              <value>
                <![CDATA[0]]>
              </value>
            </param>
          </params>
          <reporter-output>
          </reporter-output>
        </test-method> <!-- inicioClase -->
        <test-method status="PASS" signature="insertarCategoria_FlujoBasico()[pri:0, instance:pe.com.test.seleniumwd.CategoriaWebDriverTest@d80b78]" name="insertarCategoria_FlujoBasico" duration-ms="13063" started-at="2019-09-26T00:25:26Z" finished-at="2019-09-26T00:25:39Z">
          <reporter-output>
          </reporter-output>
        </test-method> <!-- insertarCategoria_FlujoBasico -->
        <test-method status="PASS" signature="insertarCategoria_FlujoAlternativo()[pri:0, instance:pe.com.test.seleniumwd.CategoriaWebDriverTest@d80b78]" name="insertarCategoria_FlujoAlternativo" duration-ms="10737" started-at="2019-09-26T00:25:39Z" depends-on-methods="pe.com.test.seleniumwd.CategoriaWebDriverTest.insertarCategoria_FlujoBasico" finished-at="2019-09-26T00:25:50Z">
          <reporter-output>
          </reporter-output>
        </test-method> <!-- insertarCategoria_FlujoAlternativo -->
        <test-method status="PASS" signature="tearDown()[pri:0, instance:pe.com.test.seleniumwd.CategoriaWebDriverTest@d80b78]" name="tearDown" is-config="true" duration-ms="683" started-at="2019-09-26T00:25:50Z" finished-at="2019-09-26T00:25:50Z">
          <reporter-output>
          </reporter-output>
        </test-method> <!-- tearDown -->
      </class> <!-- pe.com.test.seleniumwd.CategoriaWebDriverTest -->
    </test> <!-- CategoriaWebDriverTest -->
  </suite> <!-- VisorTestSuite -->
</testng-results>
