<?xml version="1.0" encoding="UTF-8"?>
<!-- Generated by org.testng.reporters.JUnitXMLReporter -->
<testsuite hostname="masterqa" name="Default test" tests="5" failures="0" timestamp="14 Sep 2019 15:47:27 GMT" time="1.138" errors="0">
  <testcase name="@AfterTest finMetodo" time="0.0" classname="pe.com.test.CategoriaTest">
    <failure type="java.lang.NullPointerException">
      <![CDATA[java.lang.NullPointerException
	at pe.com.test.CategoriaTest.finMetodo(CategoriaTest.java:37)
	at sun.reflect.NativeMethodAccessorImpl.invoke0(Native Method)
	at sun.reflect.NativeMethodAccessorImpl.invoke(NativeMethodAccessorImpl.java:62)
	at sun.reflect.DelegatingMethodAccessorImpl.invoke(DelegatingMethodAccessorImpl.java:43)
	at java.lang.reflect.Method.invoke(Method.java:498)
	at org.testng.internal.MethodInvocationHelper.invokeMethod(MethodInvocationHelper.java:86)
	at org.testng.internal.Invoker.invokeConfigurationMethod(Invoker.java:514)
	at org.testng.internal.Invoker.invokeConfigurations(Invoker.java:215)
	at org.testng.internal.Invoker.invokeConfigurations(Invoker.java:142)
	at org.testng.TestRunner.afterRun(TestRunner.java:1012)
	at org.testng.TestRunner.run(TestRunner.java:636)
	at org.testng.SuiteRunner.runTest(SuiteRunner.java:366)
	at org.testng.SuiteRunner.runSequentially(SuiteRunner.java:361)
	at org.testng.SuiteRunner.privateRun(SuiteRunner.java:319)
	at org.testng.SuiteRunner.run(SuiteRunner.java:268)
	at org.testng.SuiteRunnerWorker.runSuite(SuiteRunnerWorker.java:52)
	at org.testng.SuiteRunnerWorker.run(SuiteRunnerWorker.java:86)
	at org.testng.TestNG.runSuitesSequentially(TestNG.java:1244)
	at org.testng.TestNG.runSuitesLocally(TestNG.java:1169)
	at org.testng.TestNG.run(TestNG.java:1064)
	at org.testng.remote.AbstractRemoteTestNG.run(AbstractRemoteTestNG.java:132)
	at org.testng.remote.RemoteTestNG.initAndRun(RemoteTestNG.java:230)
	at org.testng.remote.RemoteTestNG.main(RemoteTestNG.java:76)
]]>
    </failure>
  </testcase> <!-- @AfterTest finMetodo -->
  <testcase name="insertar" time="0.0" classname="pe.com.test.CategoriaTest">
    <skipped/>
  </testcase> <!-- insertar -->
  <testcase name="metodoFueraTiempo" time="1.03" classname="pe.com.test.CategoriaTest"/>
  <testcase name="actualizar" time="0.0" classname="pe.com.test.CategoriaTest">
    <skipped/>
  </testcase> <!-- actualizar -->
  <testcase name="obtener" time="0.0" classname="pe.com.test.CategoriaTest">
    <skipped/>
  </testcase> <!-- obtener -->
  <testcase name="eliminar" time="0.0" classname="pe.com.test.CategoriaTest">
    <skipped/>
  </testcase> <!-- eliminar -->
</testsuite> <!-- Default test -->
