<?xml version="1.0" encoding="UTF-8"?>
<!-- Generated by org.testng.reporters.JUnitXMLReporter -->
<testsuite hostname="masterqa" name="CategoriaTest" tests="8" failures="0" timestamp="14 Sep 2019 16:26:29 GMT" time="1.819" errors="0">
  <testcase name="insertar" time="0.468" classname="pe.com.test.CategoriaTest"/>
  <testcase name="insertarConDataProvider" time="0.016" classname="pe.com.test.CategoriaTest"/>
  <testcase name="insertarConDataProvider" time="0.016" classname="pe.com.test.CategoriaTest"/>
  <testcase name="insertarConDataProvider" time="0.028" classname="pe.com.test.CategoriaTest"/>
  <testcase name="metodoFueraTiempo" time="1.035" classname="pe.com.test.CategoriaTest"/>
  <testcase name="actualizar" time="0.015" classname="pe.com.test.CategoriaTest"/>
  <testcase name="obtener" time="0.017" classname="pe.com.test.CategoriaTest"/>
  <testcase name="eliminar" time="0.047" classname="pe.com.test.CategoriaTest"/>
</testsuite> <!-- CategoriaTest -->
