<?xml version="1.0" encoding="UTF-8"?>
<!-- Generated by org.testng.reporters.JUnitXMLReporter -->
<testsuite hostname="masterqa" name="CategoriaWebDriverTest" tests="2" failures="0" timestamp="26 Sep 2019 05:25:50 GMT" time="30.237" errors="0">
  <testcase name="insertarCategoria_FlujoBasico" time="13.063" classname="pe.com.test.seleniumwd.CategoriaWebDriverTest"/>
  <testcase name="insertarCategoria_FlujoAlternativo" time="10.737" classname="pe.com.test.seleniumwd.CategoriaWebDriverTest"/>
</testsuite> <!-- CategoriaWebDriverTest -->
